instagram.com
ig.me
facebook.com
facebook.net
fbcdn.net
fbsbx.com
internalfb.com
oculus.com
meta.com
threads.net
fb.com
whatsapp.com
whatsapp.net
whatsapp.biz
wa.me
circlecrewpinkcrowd.com
achat-followers-instagram.com
acheter-followers-instagram.com
acheterdesfollowersinstagram.com
acheterfollowersinstagram.com
bookstagram.com
carstagram.com
cdninstagram.com
chickstagram.com
igcdn.com
igsonar.com
igtv.com
imstagram.com
imtagram.com
instaadder.com
instachecker.com
instafallow.com
instafollower.com
instagainer.com
instagda.com
instagify.com
instagmania.com
instagor.com
instagram-brand.com
instagram-engineering.com
instagram-help.com
instagram-press.com
instagram-press.net
instagramci.com
instagramcn.com
instagramdi.com
instagramhashtags.net
instagramhilecim.com
instagramhilesi.org
instagramium.com
instagramizlenme.com
instagramkusu.com
instagramlogin.com
instagramm.com
instagramn.com
instagrampartners.com
instagramphoto.com
instagramq.com
instagramsepeti.com
instagramtakipcisatinal.net
instagramtakiphilesi.com
instagramtips.com
instagramtr.com
instagran.com
instagranm.com
instagrem.com
instagrm.com
instagtram.com
instagy.com
instamgram.com
instangram.com
instanttelegram.com
instaplayer.net
instastyle.tv
instgram.com
intagram.com
intagrm.com
intgram.com
kingstagram.com
lnstagram-help.com
theinstagramhack.com
oninstagram.com
online-instagram.com
onlineinstagram.com
web-instagram.net
wwwinstagram.com
graph.instagram.com
graph-fallback.instagram.com
graph.facebook.com
connect.facebook.net
static.xx.fbcdn.net
upload.facebook.com
star.facebook.com
business.facebook.com
developers.facebook.com
messenger.com
m.me
static.cdninstagram.com
web.whatsapp.com
static.whatsapp.net
cdn.whatsapp.net
static.cdn.whatsapp.net
media.cdn.whatsapp.net
edge.whatsapp.net
signal.whatsapp.net
graph.whatsapp.net
_5222._https.web.whatsapp.com